<?xml version="1.0" encoding="UTF-8"?>
<!-- Generated by org.testng.reporters.JUnitReportReporter -->
<testsuite hostname="DESKTOP-CVKJJ5N" failures="0" tests="1" name="firstTestPackage.secondTestNG" time="0.006" errors="0" timestamp="2022-03-24T16:53:13 SAST" skipped="0">
  <testcase classname="firstTestPackage.secondTestNG" name="secondClassFirstTest" time="0.006"/>
  <system-out/>
</testsuite> <!-- firstTestPackage.secondTestNG -->
