<?xml version="1.0" encoding="UTF-8"?>
<!-- Generated by org.testng.reporters.JUnitReportReporter -->
<testsuite hostname="DESKTOP-CVKJJ5N" failures="0" tests="3" name="thirdPackage.firstClassThirdPackage" time="0.022" errors="0" timestamp="2022-03-24T15:16:40 SAST" skipped="0">
  <testcase classname="thirdPackage.firstClassThirdPackage" name="secondTestFirstClassThirdPackage" time="0.003"/>
  <system-out/>
  <testcase classname="thirdPackage.firstClassThirdPackage" name="firstTestFirstClassThirdPackage" time="0.016"/>
  <system-out/>
  <testcase classname="thirdPackage.firstClassThirdPackage" name="thirdTestFirstClassThirdPackage" time="0.003"/>
  <system-out/>
</testsuite> <!-- thirdPackage.firstClassThirdPackage -->
