<?xml version="1.0" encoding="UTF-8"?>
<!-- Generated by org.testng.reporters.JUnitReportReporter -->
<testsuite hostname="DESKTOP-CVKJJ5N" failures="0" tests="3" name="dataProviders.UsingDataProvider" time="0.014" errors="0" timestamp="2022-03-24T18:37:34 SAST" skipped="0">
  <testcase classname="dataProviders.UsingDataProvider" name="CreatNameAndSurname" time="0.003"/>
  <system-out/>
  <testcase classname="dataProviders.UsingDataProvider" name="CreatNameAndSurname" time="0.009"/>
  <system-out/>
  <testcase classname="dataProviders.UsingDataProvider" name="CreatNameAndSurname" time="0.002"/>
  <system-out/>
</testsuite> <!-- dataProviders.UsingDataProvider -->
