<?xml version="1.0" encoding="UTF-8"?>
<!-- Generated by org.testng.reporters.JUnitReportReporter -->
<testsuite hostname="DESKTOP-CVKJJ5N" failures="0" tests="1" name="firstTestPackage.secondTestNG" time="0.002" errors="0" timestamp="2022-03-24T17:53:54 SAST" skipped="0">
  <testcase classname="firstTestPackage.secondTestNG" name="secondClassFirstTest" time="0.002"/>
  <system-out/>
</testsuite> <!-- firstTestPackage.secondTestNG -->
