<?xml version="1.0" encoding="UTF-8"?>
<!-- Generated by org.testng.reporters.JUnitReportReporter -->
<testsuite hostname="DESKTOP-CVKJJ5N" failures="0" tests="2" name="firstTestPackage.firstTestNG" time="0.003" errors="0" timestamp="2022-03-24T17:53:54 SAST" skipped="0">
  <testcase classname="firstTestPackage.firstTestNG" name="first" time="0.002"/>
  <system-out/>
  <testcase classname="firstTestPackage.firstTestNG" name="second" time="0.001"/>
  <system-out/>
</testsuite> <!-- firstTestPackage.firstTestNG -->
