<?xml version="1.0" encoding="UTF-8"?>
<!-- Generated by org.testng.reporters.JUnitReportReporter -->
<testsuite hostname="DESKTOP-CVKJJ5N" failures="0" tests="4" name="secondTestPackage.secondClassSecondPackage" time="0.018" errors="0" timestamp="2022-03-29T16:41:42 SAST" skipped="0">
  <testcase classname="secondTestPackage.secondClassSecondPackage" name="secondTestSecondClassSecondPackage" time="0.003"/>
  <system-out/>
  <testcase classname="secondTestPackage.secondClassSecondPackage" name="fourthTestSecondClassSecondPackage" time="0.002"/>
  <system-out/>
  <testcase classname="secondTestPackage.secondClassSecondPackage" name="firstTestSecondclassSecondPackage" time="0.009"/>
  <system-out/>
  <testcase classname="secondTestPackage.secondClassSecondPackage" name="thirdTestSecondClassSecondPackage" time="0.004"/>
  <system-out/>
</testsuite> <!-- secondTestPackage.secondClassSecondPackage -->
