<?xml version="1.0" encoding="UTF-8"?>
<!-- Generated by org.testng.reporters.JUnitReportReporter -->
<testsuite hostname="DESKTOP-CVKJJ5N" failures="0" tests="4" name="secondTestPackage.firstClassSecondPackage" time="0.014" errors="0" timestamp="2022-03-24T16:53:13 SAST" skipped="0">
  <testcase classname="secondTestPackage.firstClassSecondPackage" name="firstTestFirstClassSecondPackage" time="0.004"/>
  <system-out/>
  <testcase classname="secondTestPackage.firstClassSecondPackage" name="fourthTestSecondPackage" time="0.007"/>
  <system-out/>
  <testcase classname="secondTestPackage.firstClassSecondPackage" name="secondTestFirstClassSecondPackage" time="0.002"/>
  <system-out/>
  <testcase classname="secondTestPackage.firstClassSecondPackage" name="thirdTestFirstClassSecondPackage" time="0.001"/>
  <system-out/>
</testsuite> <!-- secondTestPackage.firstClassSecondPackage -->
