<?xml version="1.0" encoding="UTF-8"?>
<!-- Generated by org.testng.reporters.JUnitReportReporter -->
<testsuite hostname="DESKTOP-CVKJJ5N" failures="0" tests="1" name="firstTestPackage.firstTestNG" time="0.016" errors="0" timestamp="2022-03-29T16:21:52 SAST" skipped="0">
  <testcase classname="firstTestPackage.firstTestNG" name="first" time="0.016"/>
  <system-out/>
</testsuite> <!-- firstTestPackage.firstTestNG -->
