<?xml version="1.0" encoding="UTF-8"?>
<!-- Generated by org.testng.reporters.JUnitReportReporter -->
<testsuite hostname="DESKTOP-CVKJJ5N" failures="0" tests="4" name="secondTestPackage.firstClassSecondPackage" time="0.019" errors="0" timestamp="2022-03-24T17:53:54 SAST" skipped="1">
  <testcase classname="secondTestPackage.firstClassSecondPackage" name="fourthTestSecondPackage" time="0.005"/>
  <system-out/>
  <testcase classname="secondTestPackage.firstClassSecondPackage" name="thirdTestFirstClassSecondPackage" time="0.010"/>
  <system-out/>
  <testcase classname="secondTestPackage.firstClassSecondPackage" name="firstTestFirstClassSecondPackage" time="0.004"/>
  <system-out/>
  <testcase classname="secondTestPackage.firstClassSecondPackage" name="secondTestFirstClassSecondPackage">
    <skipped/>
  </testcase> <!-- secondTestFirstClassSecondPackage -->
  <system-out/>
</testsuite> <!-- secondTestPackage.firstClassSecondPackage -->
