<?xml version="1.0" encoding="UTF-8"?>
<!-- Generated by org.testng.reporters.JUnitReportReporter -->
<testsuite hostname="DESKTOP-CVKJJ5N" failures="0" tests="4" name="secondTestPackage.secondClassSecondPackage" time="0.023" errors="0" timestamp="2022-03-24T16:53:13 SAST" skipped="0">
  <testcase classname="secondTestPackage.secondClassSecondPackage" name="firstTestSecondclassSecondPackage" time="0.011"/>
  <system-out/>
  <testcase classname="secondTestPackage.secondClassSecondPackage" name="fourthTestSecondClassSecondPackage" time="0.004"/>
  <system-out/>
  <testcase classname="secondTestPackage.secondClassSecondPackage" name="secondTestSecondClassSecondPackage" time="0.006"/>
  <system-out/>
  <testcase classname="secondTestPackage.secondClassSecondPackage" name="thirdTestSecondClassSecondPackage" time="0.002"/>
  <system-out/>
</testsuite> <!-- secondTestPackage.secondClassSecondPackage -->
