<?xml version="1.0" encoding="UTF-8"?>
<!-- Generated by org.testng.reporters.JUnitReportReporter -->
<testsuite hostname="DESKTOP-CVKJJ5N" failures="0" tests="4" name="secondTestPackage.secondClassSecondPackage" time="0.022" errors="0" timestamp="2022-03-24T17:53:54 SAST" skipped="0">
  <testcase classname="secondTestPackage.secondClassSecondPackage" name="firstTestSecondclassSecondPackage" time="0.010"/>
  <system-out/>
  <testcase classname="secondTestPackage.secondClassSecondPackage" name="secondTestSecondClassSecondPackage" time="0.007"/>
  <system-out/>
  <testcase classname="secondTestPackage.secondClassSecondPackage" name="fourthTestSecondClassSecondPackage" time="0.003"/>
  <system-out/>
  <testcase classname="secondTestPackage.secondClassSecondPackage" name="thirdTestSecondClassSecondPackage" time="0.002"/>
  <system-out/>
</testsuite> <!-- secondTestPackage.secondClassSecondPackage -->
